{"numFailedTestSuites":1,"numFailedTests":1,"numPassedTestSuites":1,"numPassedTests":2,"numPendingTestSuites":0,"numPendingTests":0,"numRuntimeErrorTestSuites":0,"numTodoTests":0,"numTotalTestSuites":2,"numTotalTests":3,"openHandles":[],"snapshot":{"added":0,"didUpdate":false,"failure":false,"filesAdded":0,"filesRemoved":0,"filesRemovedList":[],"filesUnmatched":0,"filesUpdated":0,"matched":0,"total":0,"unchecked":0,"uncheckedKeysByFile":[],"unmatched":0,"updated":0},"startTime":1752318677913,"success":false,"testResults":[{"assertionResults":[{"ancestorTitles":["CloudDash Feedback DOM Load"],"duration":60,"failureDetails":[],"failureMessages":[],"fullName":"CloudDash Feedback DOM Load should load the submit button","invocations":1,"location":null,"numPassingAsserts":2,"retryReasons":[],"status":"passed","title":"should load the submit button"},{"ancestorTitles":["CloudDash Feedback DOM Load"],"duration":16,"failureDetails":[{"matcherResult":{"message":"\u001b[2mexpect(\u001b[22m\u001b[31mreceived\u001b[39m\u001b[2m).\u001b[22mtoContain\u001b[2m(\u001b[22m\u001b[32mexpected\u001b[39m\u001b[2m) // indexOf\u001b[22m\n\nExpected substring: \u001b[32m\"Error loading Page\"\u001b[39m\nReceived string:    \u001b[31m\"☁️ CloudDash Feedback\"\u001b[39m","pass":false}}],"failureMessages":["Error: \u001b[2mexpect(\u001b[22m\u001b[31mreceived\u001b[39m\u001b[2m).\u001b[22mtoContain\u001b[2m(\u001b[22m\u001b[32mexpected\u001b[39m\u001b[2m) // indexOf\u001b[22m\n\nExpected substring: \u001b[32m\"Error loading Page\"\u001b[39m\nReceived string:    \u001b[31m\"☁️ CloudDash Feedback\"\u001b[39m\n    at Object.<anonymous> (/home/navneett/ghactions-controlflow/src/domLoad.test.js:22:33)\n    at Promise.then.completed (/home/navneett/ghactions-controlflow/node_modules/jest-circus/build/utils.js:298:28)\n    at new Promise (<anonymous>)\n    at callAsyncCircusFn (/home/navneett/ghactions-controlflow/node_modules/jest-circus/build/utils.js:231:10)\n    at _callCircusTest (/home/navneett/ghactions-controlflow/node_modules/jest-circus/build/run.js:316:40)\n    at _runTest (/home/navneett/ghactions-controlflow/node_modules/jest-circus/build/run.js:252:3)\n    at _runTestsForDescribeBlock (/home/navneett/ghactions-controlflow/node_modules/jest-circus/build/run.js:126:9)\n    at _runTestsForDescribeBlock (/home/navneett/ghactions-controlflow/node_modules/jest-circus/build/run.js:121:9)\n    at run (/home/navneett/ghactions-controlflow/node_modules/jest-circus/build/run.js:71:3)\n    at runAndTransformResultsToJestFormat (/home/navneett/ghactions-controlflow/node_modules/jest-circus/build/legacy-code-todo-rewrite/jestAdapterInit.js:122:21)\n    at jestAdapter (/home/navneett/ghactions-controlflow/node_modules/jest-circus/build/legacy-code-todo-rewrite/jestAdapter.js:79:19)\n    at runTestInternal (/home/navneett/ghactions-controlflow/node_modules/jest-runner/build/runTest.js:367:16)\n    at runTest (/home/navneett/ghactions-controlflow/node_modules/jest-runner/build/runTest.js:444:34)"],"fullName":"CloudDash Feedback DOM Load should load the heading","invocations":1,"location":null,"numPassingAsserts":0,"retryReasons":[],"status":"failed","title":"should load the heading"}],"endTime":1752318679649,"message":"\u001b[1m\u001b[31m  \u001b[1m● \u001b[22m\u001b[1mCloudDash Feedback DOM Load › should load the heading\u001b[39m\u001b[22m\n\n    \u001b[2mexpect(\u001b[22m\u001b[31mreceived\u001b[39m\u001b[2m).\u001b[22mtoContain\u001b[2m(\u001b[22m\u001b[32mexpected\u001b[39m\u001b[2m) // indexOf\u001b[22m\n\n    Expected substring: \u001b[32m\"Error loading Page\"\u001b[39m\n    Received string:    \u001b[31m\"☁️ CloudDash Feedback\"\u001b[39m\n\u001b[2m\u001b[22m\n\u001b[2m    \u001b[0m \u001b[90m 20 |\u001b[39m   test(\u001b[32m\"should load the heading\"\u001b[39m\u001b[33m,\u001b[39m () \u001b[33m=>\u001b[39m {\u001b[22m\n\u001b[2m     \u001b[90m 21 |\u001b[39m     \u001b[36mconst\u001b[39m heading \u001b[33m=\u001b[39m document\u001b[33m.\u001b[39mquerySelector(\u001b[32m\"h1\"\u001b[39m)\u001b[33m;\u001b[39m\u001b[22m\n\u001b[2m    \u001b[31m\u001b[1m>\u001b[22m\u001b[2m\u001b[39m\u001b[90m 22 |\u001b[39m     expect(heading\u001b[33m.\u001b[39mtextContent)\u001b[33m.\u001b[39mtoContain(\u001b[32m\"Error loading Page\"\u001b[39m)\u001b[33m;\u001b[39m\u001b[22m\n\u001b[2m     \u001b[90m    |\u001b[39m                                 \u001b[31m\u001b[1m^\u001b[22m\u001b[2m\u001b[39m\u001b[22m\n\u001b[2m     \u001b[90m 23 |\u001b[39m   })\u001b[33m;\u001b[39m\u001b[22m\n\u001b[2m     \u001b[90m 24 |\u001b[39m })\u001b[33m;\u001b[39m\u001b[22m\n\u001b[2m     \u001b[90m 25 |\u001b[39m\u001b[0m\u001b[22m\n\u001b[2m\u001b[22m\n\u001b[2m      \u001b[2mat Object.<anonymous> (\u001b[22m\u001b[2m\u001b[0m\u001b[36msrc/domLoad.test.js\u001b[39m\u001b[0m\u001b[2m:22:33)\u001b[22m\u001b[2m\u001b[22m\n","name":"/home/navneett/ghactions-controlflow/src/domLoad.test.js","startTime":1752318679107,"status":"failed","summary":""},{"assertionResults":[{"ancestorTitles":[],"duration":4,"failureDetails":[],"failureMessages":[],"fullName":"adds 2 + 3 to equal 5","invocations":1,"location":null,"numPassingAsserts":1,"retryReasons":[],"status":"passed","title":"adds 2 + 3 to equal 5"}],"endTime":1752318679918,"message":"","name":"/home/navneett/ghactions-controlflow/src/app.test.js","startTime":1752318679692,"status":"passed","summary":""}],"wasInterrupted":false}
